<?xml version="1.0" encoding="UTF-8"?>
<!-- Generated by org.testng.reporters.JUnitXMLReporter -->
<testsuite ignored="0" hostname="QT-UK-LT1078" failures="1" tests="2" name="Test - Chrome" time="40.058" errors="0" timestamp="30 Apr 2021 17:27:50 GMT">
  <testcase classname="com.mydemo.SauceTestUpdated" name="checkInventoryItemTest" time="2.133"/>
  <testcase classname="com.mydemo.SauceTestUpdated" name="checkAddToCartButtonTest" time="21.734">
    <failure type="java.lang.AssertionError" message="expected [true] but found [false]">
      <![CDATA[java.lang.AssertionError: expected [true] but found [false]
at com.mydemo.SauceTestUpdated.checkAddToCartButtonTest(SauceTestUpdated.java:33)
... Removed 33 stack frames]]>
    </failure>
  </testcase> <!-- checkAddToCartButtonTest -->
</testsuite> <!-- Test - Chrome -->
