<?xml version="1.0" encoding="UTF-8"?>
<testsuite xmlns:xsi="http://www.w3.org/2001/XMLSchema-instance" xsi:noNamespaceSchemaLocation="https://maven.apache.org/surefire/maven-surefire-plugin/xsd/surefire-test-report.xsd" name="TestSuite" time="135.884" tests="4" errors="0" skipped="0" failures="2">
  <properties>
[...]
</properties>
  <testcase name="checkInventoryItemTest" classname="com.mydemo.SauceTestUpdated" time="5.803"/>
  <testcase name="checkInventoryItemTest" classname="com.mydemo.SauceTestUpdated" time="2.337"/>
  <testcase name="checkAddToCartButtonTest" classname="com.mydemo.SauceTestUpdated" time="31.826">
    <failure message="expected [true] but found [false]" type="java.lang.AssertionError">java.lang.AssertionError: expected [true] but found [false]
	at com.mydemo.SauceTestUpdated.checkAddToCartButtonTest(SauceTestUpdated.java:33)
</failure>
    <system-out><![CDATA[**********************************
Screenshot stored at: C:\Users\nilanjan.islam\eclipse-workspace\Demo\Demo/screenshot/AutomationReport_Fri_Apr_30_19_28_12_BST_2021.png
**********************************
browser name is : Firefox
]]></system-out>
    <system-err><![CDATA[Apr 30, 2021 7:28:40 PM org.openqa.selenium.remote.ProtocolHandshake createSession
INFO: Detected dialect: W3C
]]></system-err>
  </testcase>
  <testcase name="checkAddToCartButtonTest" classname="com.mydemo.SauceTestUpdated" time="22.506">
    <failure message="expected [true] but found [false]" type="java.lang.AssertionError">java.lang.AssertionError: expected [true] but found [false]
	at com.mydemo.SauceTestUpdated.checkAddToCartButtonTest(SauceTestUpdated.java:33)
</failure>
    <system-out><![CDATA[**********************************
Screenshot stored at: C:\Users\nilanjan.islam\eclipse-workspace\Demo\Demo/screenshot/AutomationReport_Fri_Apr_30_19_29_27_BST_2021.png
**********************************
browser name is : Chrome
]]></system-out>
    <system-err><![CDATA[Apr 30, 2021 7:29:37 PM org.openqa.selenium.remote.ProtocolHandshake createSession
INFO: Detected dialect: OSS
]]></system-err>
  </testcase>
</testsuite>