<?xml version="1.0" encoding="UTF-8"?>
<testng-results ignored="0" total="4" passed="4" failed="0" skipped="0">
  <reporter-output>
  </reporter-output>
  <suite started-at="2021-05-26T11:01:07Z" name="Test automtion regression suite" finished-at="2021-05-26T11:01:39Z" duration-ms="32383">
    <groups>
    </groups>
    <test started-at="2021-05-26T11:01:07Z" name="Test - Chrome" finished-at="2021-05-26T11:01:30Z" duration-ms="23021">
      <class name="com.mydemo.SauceTestUpdated">
        <test-method is-config="true" signature="fileclear()[pri:0, instance:com.mydemo.SauceTestUpdated@97e93f1]" started-at="2021-05-26T11:01:07Z" name="fileclear" finished-at="2021-05-26T11:01:07Z" duration-ms="14" status="PASS">
          <reporter-output>
          </reporter-output>
        </test-method> <!-- fileclear -->
        <test-method is-config="true" signature="setUp(java.lang.String, java.lang.String, java.lang.String, java.lang.String, java.lang.String, java.lang.String, java.lang.reflect.Method, org.testng.ITestContext)[pri:0, instance:com.mydemo.SauceTestUpdated@97e93f1]" started-at="2021-05-26T11:01:07Z" name="setUp" finished-at="2021-05-26T11:01:16Z" duration-ms="8555" status="PASS">
          <params>
            <param index="0">
              <value>
                <![CDATA[Chrome]]>
              </value>
            </param>
            <param index="1">
              <value>
                <![CDATA[85.0]]>
              </value>
            </param>
            <param index="2">
              <value>
                <![CDATA[OS X]]>
              </value>
            </param>
            <param index="3">
              <value>
                <![CDATA[Catalina]]>
              </value>
            </param>
            <param index="4">
              <value>
                <![CDATA[browserStack]]>
              </value>
            </param>
            <param index="5">
              <value>
                <![CDATA[optional]]>
              </value>
            </param>
            <param index="6">
              <value>
                <![CDATA[public void com.mydemo.SauceTestUpdated.checkInventoryItemTest()]]>
              </value>
            </param>
            <param index="7">
              <value>
                <![CDATA[org.testng.TestRunner@1f760b47]]>
              </value>
            </param>
          </params>
          <reporter-output>
          </reporter-output>
        </test-method> <!-- setUp -->
        <test-method signature="checkInventoryItemTest()[pri:1, instance:com.mydemo.SauceTestUpdated@97e93f1]" started-at="2021-05-26T11:01:16Z" name="checkInventoryItemTest" finished-at="2021-05-26T11:01:17Z" duration-ms="1739" status="PASS">
          <reporter-output>
          </reporter-output>
        </test-method> <!-- checkInventoryItemTest -->
        <test-method is-config="true" signature="tearDown(org.testng.ITestResult, org.testng.ITestContext)[pri:0, instance:com.mydemo.SauceTestUpdated@97e93f1]" started-at="2021-05-26T11:01:18Z" name="tearDown" finished-at="2021-05-26T11:01:20Z" duration-ms="1472" status="PASS">
          <params>
            <param index="0">
              <value>
                <![CDATA[[TestResult name=checkInventoryItemTest status=SUCCESS method=SauceTestUpdated.checkInventoryItemTest()[pri:1, instance:com.mydemo.SauceTestUpdated@97e93f1] output={null}]]]>
              </value>
            </param>
            <param index="1">
              <value>
                <![CDATA[org.testng.TestRunner@1f760b47]]>
              </value>
            </param>
          </params>
          <reporter-output>
          </reporter-output>
        </test-method> <!-- tearDown -->
        <test-method is-config="true" signature="setUp(java.lang.String, java.lang.String, java.lang.String, java.lang.String, java.lang.String, java.lang.String, java.lang.reflect.Method, org.testng.ITestContext)[pri:0, instance:com.mydemo.SauceTestUpdated@97e93f1]" started-at="2021-05-26T11:01:20Z" name="setUp" finished-at="2021-05-26T11:01:26Z" duration-ms="5985" status="PASS">
          <params>
            <param index="0">
              <value>
                <![CDATA[Chrome]]>
              </value>
            </param>
            <param index="1">
              <value>
                <![CDATA[85.0]]>
              </value>
            </param>
            <param index="2">
              <value>
                <![CDATA[OS X]]>
              </value>
            </param>
            <param index="3">
              <value>
                <![CDATA[Catalina]]>
              </value>
            </param>
            <param index="4">
              <value>
                <![CDATA[browserStack]]>
              </value>
            </param>
            <param index="5">
              <value>
                <![CDATA[optional]]>
              </value>
            </param>
            <param index="6">
              <value>
                <![CDATA[public void com.mydemo.SauceTestUpdated.checkAddToCartButtonTest()]]>
              </value>
            </param>
            <param index="7">
              <value>
                <![CDATA[org.testng.TestRunner@1f760b47]]>
              </value>
            </param>
          </params>
          <reporter-output>
          </reporter-output>
        </test-method> <!-- setUp -->
        <test-method signature="checkAddToCartButtonTest()[pri:2, instance:com.mydemo.SauceTestUpdated@97e93f1]" started-at="2021-05-26T11:01:26Z" name="checkAddToCartButtonTest" finished-at="2021-05-26T11:01:28Z" duration-ms="2496" status="PASS">
          <reporter-output>
          </reporter-output>
        </test-method> <!-- checkAddToCartButtonTest -->
        <test-method is-config="true" signature="tearDown(org.testng.ITestResult, org.testng.ITestContext)[pri:0, instance:com.mydemo.SauceTestUpdated@97e93f1]" started-at="2021-05-26T11:01:29Z" name="tearDown" finished-at="2021-05-26T11:01:30Z" duration-ms="1304" status="PASS">
          <params>
            <param index="0">
              <value>
                <![CDATA[[TestResult name=checkAddToCartButtonTest status=SUCCESS method=SauceTestUpdated.checkAddToCartButtonTest()[pri:2, instance:com.mydemo.SauceTestUpdated@97e93f1] output={null}]]]>
              </value>
            </param>
            <param index="1">
              <value>
                <![CDATA[org.testng.TestRunner@1f760b47]]>
              </value>
            </param>
          </params>
          <reporter-output>
          </reporter-output>
        </test-method> <!-- tearDown -->
        <test-method is-config="true" signature="fileemail()[pri:0, instance:com.mydemo.SauceTestUpdated@97e93f1]" started-at="2021-05-26T11:01:39Z" name="fileemail" finished-at="2021-05-26T11:01:40Z" duration-ms="100" status="PASS">
          <reporter-output>
          </reporter-output>
        </test-method> <!-- fileemail -->
      </class> <!-- com.mydemo.SauceTestUpdated -->
    </test> <!-- Test - Chrome -->
    <test started-at="2021-05-26T11:01:07Z" name="Test - FF" finished-at="2021-05-26T11:01:39Z" duration-ms="32383">
      <class name="com.mydemo.SauceTestUpdated">
        <test-method is-config="true" signature="setUp(java.lang.String, java.lang.String, java.lang.String, java.lang.String, java.lang.String, java.lang.String, java.lang.reflect.Method, org.testng.ITestContext)[pri:0, instance:com.mydemo.SauceTestUpdated@480d3575]" started-at="2021-05-26T11:01:07Z" name="setUp" finished-at="2021-05-26T11:01:16Z" duration-ms="8522" status="PASS">
          <params>
            <param index="0">
              <value>
                <![CDATA[Firefox]]>
              </value>
            </param>
            <param index="1">
              <value>
                <![CDATA[80.0]]>
              </value>
            </param>
            <param index="2">
              <value>
                <![CDATA[Windows]]>
              </value>
            </param>
            <param index="3">
              <value>
                <![CDATA[10]]>
              </value>
            </param>
            <param index="4">
              <value>
                <![CDATA[browserStack]]>
              </value>
            </param>
            <param index="5">
              <value>
                <![CDATA[optional]]>
              </value>
            </param>
            <param index="6">
              <value>
                <![CDATA[public void com.mydemo.SauceTestUpdated.checkInventoryItemTest()]]>
              </value>
            </param>
            <param index="7">
              <value>
                <![CDATA[org.testng.TestRunner@21d03963]]>
              </value>
            </param>
          </params>
          <reporter-output>
          </reporter-output>
        </test-method> <!-- setUp -->
        <test-method signature="checkInventoryItemTest()[pri:1, instance:com.mydemo.SauceTestUpdated@480d3575]" started-at="2021-05-26T11:01:16Z" name="checkInventoryItemTest" finished-at="2021-05-26T11:01:22Z" duration-ms="6563" status="PASS">
          <reporter-output>
          </reporter-output>
        </test-method> <!-- checkInventoryItemTest -->
        <test-method is-config="true" signature="tearDown(org.testng.ITestResult, org.testng.ITestContext)[pri:0, instance:com.mydemo.SauceTestUpdated@480d3575]" started-at="2021-05-26T11:01:23Z" name="tearDown" finished-at="2021-05-26T11:01:25Z" duration-ms="1221" status="PASS">
          <params>
            <param index="0">
              <value>
                <![CDATA[[TestResult name=checkInventoryItemTest status=SUCCESS method=SauceTestUpdated.checkInventoryItemTest()[pri:1, instance:com.mydemo.SauceTestUpdated@480d3575] output={null}]]]>
              </value>
            </param>
            <param index="1">
              <value>
                <![CDATA[org.testng.TestRunner@21d03963]]>
              </value>
            </param>
          </params>
          <reporter-output>
          </reporter-output>
        </test-method> <!-- tearDown -->
        <test-method is-config="true" signature="setUp(java.lang.String, java.lang.String, java.lang.String, java.lang.String, java.lang.String, java.lang.String, java.lang.reflect.Method, org.testng.ITestContext)[pri:0, instance:com.mydemo.SauceTestUpdated@480d3575]" started-at="2021-05-26T11:01:25Z" name="setUp" finished-at="2021-05-26T11:01:33Z" duration-ms="8025" status="PASS">
          <params>
            <param index="0">
              <value>
                <![CDATA[Firefox]]>
              </value>
            </param>
            <param index="1">
              <value>
                <![CDATA[80.0]]>
              </value>
            </param>
            <param index="2">
              <value>
                <![CDATA[Windows]]>
              </value>
            </param>
            <param index="3">
              <value>
                <![CDATA[10]]>
              </value>
            </param>
            <param index="4">
              <value>
                <![CDATA[browserStack]]>
              </value>
            </param>
            <param index="5">
              <value>
                <![CDATA[optional]]>
              </value>
            </param>
            <param index="6">
              <value>
                <![CDATA[public void com.mydemo.SauceTestUpdated.checkAddToCartButtonTest()]]>
              </value>
            </param>
            <param index="7">
              <value>
                <![CDATA[org.testng.TestRunner@21d03963]]>
              </value>
            </param>
          </params>
          <reporter-output>
          </reporter-output>
        </test-method> <!-- setUp -->
        <test-method signature="checkAddToCartButtonTest()[pri:2, instance:com.mydemo.SauceTestUpdated@480d3575]" started-at="2021-05-26T11:01:33Z" name="checkAddToCartButtonTest" finished-at="2021-05-26T11:01:37Z" duration-ms="3876" status="PASS">
          <reporter-output>
          </reporter-output>
        </test-method> <!-- checkAddToCartButtonTest -->
        <test-method is-config="true" signature="tearDown(org.testng.ITestResult, org.testng.ITestContext)[pri:0, instance:com.mydemo.SauceTestUpdated@480d3575]" started-at="2021-05-26T11:01:38Z" name="tearDown" finished-at="2021-05-26T11:01:39Z" duration-ms="1490" status="PASS">
          <params>
            <param index="0">
              <value>
                <![CDATA[[TestResult name=checkAddToCartButtonTest status=SUCCESS method=SauceTestUpdated.checkAddToCartButtonTest()[pri:2, instance:com.mydemo.SauceTestUpdated@480d3575] output={null}]]]>
              </value>
            </param>
            <param index="1">
              <value>
                <![CDATA[org.testng.TestRunner@21d03963]]>
              </value>
            </param>
          </params>
          <reporter-output>
          </reporter-output>
        </test-method> <!-- tearDown -->
      </class> <!-- com.mydemo.SauceTestUpdated -->
    </test> <!-- Test - FF -->
  </suite> <!-- Test automtion regression suite -->
</testng-results>
