<?xml version="1.0" encoding="UTF-8"?>
<testsuite xmlns:xsi="http://www.w3.org/2001/XMLSchema-instance" xsi:noNamespaceSchemaLocation="https://maven.apache.org/surefire/maven-surefire-plugin/xsd/surefire-test-report.xsd" name="TestSuite" time="25.346" tests="4" errors="0" skipped="0" failures="0">
  <properties>
[...]
</properties>
  <testcase name="checkInventoryItemTest" classname="com.mydemo.SauceTestUpdated" time="1.774"/>
  <testcase name="checkInventoryItemTest" classname="com.mydemo.SauceTestUpdated" time="1.657"/>
  <testcase name="checkAddToCartButtonTest" classname="com.mydemo.SauceTestUpdated" time="2.707"/>
  <testcase name="checkAddToCartButtonTest" classname="com.mydemo.SauceTestUpdated" time="2.739"/>
</testsuite>