<?xml version="1.0" encoding="UTF-8"?>
<testng-results ignored="0" total="4" passed="4" failed="0" skipped="0">
  <reporter-output>
  </reporter-output>
  <suite started-at="2021-06-09T14:32:17Z" name="Test automtion regression suite" finished-at="2021-06-09T14:33:08Z" duration-ms="50936">
    <groups>
    </groups>
    <test started-at="2021-06-09T14:32:17Z" name="Test - Chrome" finished-at="2021-06-09T14:32:40Z" duration-ms="23143">
      <class name="com.mydemo.SauceTestUpdated">
        <test-method is-config="true" signature="fileclear()[pri:0, instance:com.mydemo.SauceTestUpdated@1169afe1]" started-at="2021-06-09T14:32:16Z" name="fileclear" finished-at="2021-06-09T14:32:17Z" duration-ms="1156" status="PASS">
          <reporter-output>
          </reporter-output>
        </test-method> <!-- fileclear -->
        <test-method is-config="true" signature="setUp(java.lang.String, java.lang.String, java.lang.String, java.lang.String, java.lang.String, java.lang.String, java.lang.reflect.Method, org.testng.ITestContext)[pri:0, instance:com.mydemo.SauceTestUpdated@1169afe1]" started-at="2021-06-09T14:32:17Z" name="setUp" finished-at="2021-06-09T14:32:23Z" duration-ms="6608" status="PASS">
          <params>
            <param index="0">
              <value>
                <![CDATA[chrome]]>
              </value>
            </param>
            <param index="1">
              <value>
                <![CDATA[85.0]]>
              </value>
            </param>
            <param index="2">
              <value>
                <![CDATA[optional]]>
              </value>
            </param>
            <param index="3">
              <value>
                <![CDATA[optional]]>
              </value>
            </param>
            <param index="4">
              <value>
                <![CDATA[sauce]]>
              </value>
            </param>
            <param index="5">
              <value>
                <![CDATA[macOS 10.15]]>
              </value>
            </param>
            <param index="6">
              <value>
                <![CDATA[public void com.mydemo.SauceTestUpdated.checkInventoryItemTest()]]>
              </value>
            </param>
            <param index="7">
              <value>
                <![CDATA[org.testng.TestRunner@63c34183]]>
              </value>
            </param>
          </params>
          <reporter-output>
          </reporter-output>
        </test-method> <!-- setUp -->
        <test-method signature="checkInventoryItemTest()[pri:1, instance:com.mydemo.SauceTestUpdated@1169afe1]" started-at="2021-06-09T14:32:23Z" name="checkInventoryItemTest" finished-at="2021-06-09T14:32:26Z" duration-ms="2860" status="PASS">
          <reporter-output>
          </reporter-output>
        </test-method> <!-- checkInventoryItemTest -->
        <test-method is-config="true" signature="tearDown(org.testng.ITestResult, org.testng.ITestContext)[pri:0, instance:com.mydemo.SauceTestUpdated@1169afe1]" started-at="2021-06-09T14:32:27Z" name="tearDown" finished-at="2021-06-09T14:32:28Z" duration-ms="942" status="PASS">
          <params>
            <param index="0">
              <value>
                <![CDATA[[TestResult name=checkInventoryItemTest_chrome status=SUCCESS method=SauceTestUpdated.checkInventoryItemTest()[pri:1, instance:com.mydemo.SauceTestUpdated@1169afe1] output={null}]]]>
              </value>
            </param>
            <param index="1">
              <value>
                <![CDATA[org.testng.TestRunner@63c34183]]>
              </value>
            </param>
          </params>
          <reporter-output>
          </reporter-output>
        </test-method> <!-- tearDown -->
        <test-method is-config="true" signature="setUp(java.lang.String, java.lang.String, java.lang.String, java.lang.String, java.lang.String, java.lang.String, java.lang.reflect.Method, org.testng.ITestContext)[pri:0, instance:com.mydemo.SauceTestUpdated@1169afe1]" started-at="2021-06-09T14:32:28Z" name="setUp" finished-at="2021-06-09T14:32:34Z" duration-ms="5979" status="PASS">
          <params>
            <param index="0">
              <value>
                <![CDATA[chrome]]>
              </value>
            </param>
            <param index="1">
              <value>
                <![CDATA[85.0]]>
              </value>
            </param>
            <param index="2">
              <value>
                <![CDATA[optional]]>
              </value>
            </param>
            <param index="3">
              <value>
                <![CDATA[optional]]>
              </value>
            </param>
            <param index="4">
              <value>
                <![CDATA[sauce]]>
              </value>
            </param>
            <param index="5">
              <value>
                <![CDATA[macOS 10.15]]>
              </value>
            </param>
            <param index="6">
              <value>
                <![CDATA[public void com.mydemo.SauceTestUpdated.checkAddToCartButtonTest()]]>
              </value>
            </param>
            <param index="7">
              <value>
                <![CDATA[org.testng.TestRunner@63c34183]]>
              </value>
            </param>
          </params>
          <reporter-output>
          </reporter-output>
        </test-method> <!-- setUp -->
        <test-method signature="checkAddToCartButtonTest()[pri:2, instance:com.mydemo.SauceTestUpdated@1169afe1]" started-at="2021-06-09T14:32:34Z" name="checkAddToCartButtonTest" finished-at="2021-06-09T14:32:38Z" duration-ms="3673" status="PASS">
          <reporter-output>
          </reporter-output>
        </test-method> <!-- checkAddToCartButtonTest -->
        <test-method is-config="true" signature="tearDown(org.testng.ITestResult, org.testng.ITestContext)[pri:0, instance:com.mydemo.SauceTestUpdated@1169afe1]" started-at="2021-06-09T14:32:39Z" name="tearDown" finished-at="2021-06-09T14:32:40Z" duration-ms="934" status="PASS">
          <params>
            <param index="0">
              <value>
                <![CDATA[[TestResult name=checkAddToCartButtonTest_chrome status=SUCCESS method=SauceTestUpdated.checkAddToCartButtonTest()[pri:2, instance:com.mydemo.SauceTestUpdated@1169afe1] output={null}]]]>
              </value>
            </param>
            <param index="1">
              <value>
                <![CDATA[org.testng.TestRunner@63c34183]]>
              </value>
            </param>
          </params>
          <reporter-output>
          </reporter-output>
        </test-method> <!-- tearDown -->
        <test-method is-config="true" signature="fileemail()[pri:0, instance:com.mydemo.SauceTestUpdated@1169afe1]" started-at="2021-06-09T14:33:08Z" name="fileemail" finished-at="2021-06-09T14:33:08Z" duration-ms="133" status="PASS">
          <reporter-output>
          </reporter-output>
        </test-method> <!-- fileemail -->
      </class> <!-- com.mydemo.SauceTestUpdated -->
    </test> <!-- Test - Chrome -->
    <test started-at="2021-06-09T14:32:17Z" name="Test - FF" finished-at="2021-06-09T14:33:08Z" duration-ms="50936">
      <class name="com.mydemo.SauceTestUpdated">
        <test-method is-config="true" signature="setUp(java.lang.String, java.lang.String, java.lang.String, java.lang.String, java.lang.String, java.lang.String, java.lang.reflect.Method, org.testng.ITestContext)[pri:0, instance:com.mydemo.SauceTestUpdated@2eea88a1]" started-at="2021-06-09T14:32:17Z" name="setUp" finished-at="2021-06-09T14:32:37Z" duration-ms="20719" status="PASS">
          <params>
            <param index="0">
              <value>
                <![CDATA[firefox]]>
              </value>
            </param>
            <param index="1">
              <value>
                <![CDATA[79.0]]>
              </value>
            </param>
            <param index="2">
              <value>
                <![CDATA[optional]]>
              </value>
            </param>
            <param index="3">
              <value>
                <![CDATA[optional]]>
              </value>
            </param>
            <param index="4">
              <value>
                <![CDATA[sauce]]>
              </value>
            </param>
            <param index="5">
              <value>
                <![CDATA[windows 10]]>
              </value>
            </param>
            <param index="6">
              <value>
                <![CDATA[public void com.mydemo.SauceTestUpdated.checkInventoryItemTest()]]>
              </value>
            </param>
            <param index="7">
              <value>
                <![CDATA[org.testng.TestRunner@5ee03f91]]>
              </value>
            </param>
          </params>
          <reporter-output>
          </reporter-output>
        </test-method> <!-- setUp -->
        <test-method signature="checkInventoryItemTest()[pri:1, instance:com.mydemo.SauceTestUpdated@2eea88a1]" started-at="2021-06-09T14:32:37Z" name="checkInventoryItemTest" finished-at="2021-06-09T14:32:42Z" duration-ms="4212" status="PASS">
          <reporter-output>
          </reporter-output>
        </test-method> <!-- checkInventoryItemTest -->
        <test-method is-config="true" signature="tearDown(org.testng.ITestResult, org.testng.ITestContext)[pri:0, instance:com.mydemo.SauceTestUpdated@2eea88a1]" started-at="2021-06-09T14:32:43Z" name="tearDown" finished-at="2021-06-09T14:32:44Z" duration-ms="1301" status="PASS">
          <params>
            <param index="0">
              <value>
                <![CDATA[[TestResult name=checkInventoryItemTest_firefox status=SUCCESS method=SauceTestUpdated.checkInventoryItemTest()[pri:1, instance:com.mydemo.SauceTestUpdated@2eea88a1] output={null}]]]>
              </value>
            </param>
            <param index="1">
              <value>
                <![CDATA[org.testng.TestRunner@5ee03f91]]>
              </value>
            </param>
          </params>
          <reporter-output>
          </reporter-output>
        </test-method> <!-- tearDown -->
        <test-method is-config="true" signature="setUp(java.lang.String, java.lang.String, java.lang.String, java.lang.String, java.lang.String, java.lang.String, java.lang.reflect.Method, org.testng.ITestContext)[pri:0, instance:com.mydemo.SauceTestUpdated@2eea88a1]" started-at="2021-06-09T14:32:44Z" name="setUp" finished-at="2021-06-09T14:33:02Z" duration-ms="18205" status="PASS">
          <params>
            <param index="0">
              <value>
                <![CDATA[firefox]]>
              </value>
            </param>
            <param index="1">
              <value>
                <![CDATA[79.0]]>
              </value>
            </param>
            <param index="2">
              <value>
                <![CDATA[optional]]>
              </value>
            </param>
            <param index="3">
              <value>
                <![CDATA[optional]]>
              </value>
            </param>
            <param index="4">
              <value>
                <![CDATA[sauce]]>
              </value>
            </param>
            <param index="5">
              <value>
                <![CDATA[windows 10]]>
              </value>
            </param>
            <param index="6">
              <value>
                <![CDATA[public void com.mydemo.SauceTestUpdated.checkAddToCartButtonTest()]]>
              </value>
            </param>
            <param index="7">
              <value>
                <![CDATA[org.testng.TestRunner@5ee03f91]]>
              </value>
            </param>
          </params>
          <reporter-output>
          </reporter-output>
        </test-method> <!-- setUp -->
        <test-method signature="checkAddToCartButtonTest()[pri:2, instance:com.mydemo.SauceTestUpdated@2eea88a1]" started-at="2021-06-09T14:33:02Z" name="checkAddToCartButtonTest" finished-at="2021-06-09T14:33:06Z" duration-ms="3770" status="PASS">
          <reporter-output>
          </reporter-output>
        </test-method> <!-- checkAddToCartButtonTest -->
        <test-method is-config="true" signature="tearDown(org.testng.ITestResult, org.testng.ITestContext)[pri:0, instance:com.mydemo.SauceTestUpdated@2eea88a1]" started-at="2021-06-09T14:33:07Z" name="tearDown" finished-at="2021-06-09T14:33:08Z" duration-ms="783" status="PASS">
          <params>
            <param index="0">
              <value>
                <![CDATA[[TestResult name=checkAddToCartButtonTest_firefox status=SUCCESS method=SauceTestUpdated.checkAddToCartButtonTest()[pri:2, instance:com.mydemo.SauceTestUpdated@2eea88a1] output={null}]]]>
              </value>
            </param>
            <param index="1">
              <value>
                <![CDATA[org.testng.TestRunner@5ee03f91]]>
              </value>
            </param>
          </params>
          <reporter-output>
          </reporter-output>
        </test-method> <!-- tearDown -->
      </class> <!-- com.mydemo.SauceTestUpdated -->
    </test> <!-- Test - FF -->
  </suite> <!-- Test automtion regression suite -->
</testng-results>
