<?xml version="1.0" encoding="UTF-8"?>
<!-- Generated by org.testng.reporters.JUnitXMLReporter -->
<testsuite ignored="0" hostname="QT-UK-LT1078" failures="1" tests="2" name="Sauce Test - FF" time="18.137" errors="0" timestamp="30 Apr 2021 13:30:29 GMT">
  <testcase classname="com.mydemo.SauceTestSauceLab" name="checkInventoryItemTest" time="3.574"/>
  <testcase classname="com.mydemo.SauceTestSauceLab" name="checkInventoryItemTest" time="18.123">
    <failure type="java.lang.ClassCastException" message="class com.mydemo.SauceTestSauceLab cannot be cast to class com.mydemo.SauceTestUpdated (com.mydemo.SauceTestSauceLab and com.mydemo.SauceTestUpdated are in unnamed module of loader &amp;apos;app&amp;apos;)">
      <![CDATA[java.lang.ClassCastException: class com.mydemo.SauceTestSauceLab cannot be cast to class com.mydemo.SauceTestUpdated (com.mydemo.SauceTestSauceLab and com.mydemo.SauceTestUpdated are in unnamed module of loader 'app')
at ExtentReportListener.ExtentReportListenerUpdated.onTestSuccess(ExtentReportListenerUpdated.java:44)
at org.testng.internal.TestListenerHelper.runTestListeners(TestListenerHelper.java:70)
at org.testng.internal.Invoker.runTestListeners(Invoker.java:1389)
at org.testng.internal.Invoker.invokeMethod(Invoker.java:636)
at org.testng.internal.Invoker.invokeTestMethod(Invoker.java:719)
at org.testng.internal.Invoker.invokeTestMethods(Invoker.java:989)
at org.testng.internal.TestMethodWorker.invokeTestMethods(TestMethodWorker.java:125)
at org.testng.internal.TestMethodWorker.run(TestMethodWorker.java:109)
at org.testng.TestRunner.privateRun(TestRunner.java:648)
at org.testng.TestRunner.run(TestRunner.java:505)
at org.testng.SuiteRunner.runTest(SuiteRunner.java:455)
at org.testng.SuiteRunner.access$000(SuiteRunner.java:40)
at org.testng.SuiteRunner$SuiteWorker.run(SuiteRunner.java:489)
at org.testng.internal.thread.ThreadUtil$1.call(ThreadUtil.java:52)
at java.base/java.util.concurrent.FutureTask.run(FutureTask.java:264)
at java.base/java.util.concurrent.ThreadPoolExecutor.runWorker(ThreadPoolExecutor.java:1130)
at java.base/java.util.concurrent.ThreadPoolExecutor$Worker.run(ThreadPoolExecutor.java:630)
at java.base/java.lang.Thread.run(Thread.java:832)
]]>
    </failure>
  </testcase> <!-- checkInventoryItemTest -->
</testsuite> <!-- Sauce Test - FF -->
